Determining if the pthread_create exist failed with the following output:
Change Dir: /mnt/e/f/lobby/linux_build/CMakeFiles/CMakeTmp

Run Build Command:"/usr/bin/make" "cmTC_61509/fast"
/usr/bin/make -f CMakeFiles/cmTC_61509.dir/build.make CMakeFiles/cmTC_61509.dir/build
make[1]: Entering directory '/mnt/e/f/lobby/linux_build/CMakeFiles/CMakeTmp'
Building C object CMakeFiles/cmTC_61509.dir/CheckSymbolExists.c.o
/usr/bin/cc    -o CMakeFiles/cmTC_61509.dir/CheckSymbolExists.c.o   -c /mnt/e/f/lobby/linux_build/CMakeFiles/CMakeTmp/CheckSymbolExists.c
Linking C executable cmTC_61509
/usr/bin/cmake -E cmake_link_script CMakeFiles/cmTC_61509.dir/link.txt --verbose=1
/usr/bin/cc      -rdynamic CMakeFiles/cmTC_61509.dir/CheckSymbolExists.c.o  -o cmTC_61509 
CMakeFiles/cmTC_61509.dir/CheckSymbolExists.c.o: In function `main':
CheckSymbolExists.c:(.text+0x1b): undefined reference to `pthread_create'
collect2: error: ld returned 1 exit status
CMakeFiles/cmTC_61509.dir/build.make:97: recipe for target 'cmTC_61509' failed
make[1]: *** [cmTC_61509] Error 1
make[1]: Leaving directory '/mnt/e/f/lobby/linux_build/CMakeFiles/CMakeTmp'
Makefile:126: recipe for target 'cmTC_61509/fast' failed
make: *** [cmTC_61509/fast] Error 2

File /mnt/e/f/lobby/linux_build/CMakeFiles/CMakeTmp/CheckSymbolExists.c:
/* */
#include <pthread.h>

int main(int argc, char** argv)
{
  (void)argv;
#ifndef pthread_create
  return ((int*)(&pthread_create))[argc];
#else
  (void)argc;
  return 0;
#endif
}

Determining if the function pthread_create exists in the pthreads failed with the following output:
Change Dir: /mnt/e/f/lobby/linux_build/CMakeFiles/CMakeTmp

Run Build Command:"/usr/bin/make" "cmTC_19e5a/fast"
/usr/bin/make -f CMakeFiles/cmTC_19e5a.dir/build.make CMakeFiles/cmTC_19e5a.dir/build
make[1]: Entering directory '/mnt/e/f/lobby/linux_build/CMakeFiles/CMakeTmp'
Building C object CMakeFiles/cmTC_19e5a.dir/CheckFunctionExists.c.o
/usr/bin/cc   -DCHECK_FUNCTION_EXISTS=pthread_create   -o CMakeFiles/cmTC_19e5a.dir/CheckFunctionExists.c.o   -c /usr/share/cmake-3.10/Modules/CheckFunctionExists.c
Linking C executable cmTC_19e5a
/usr/bin/cmake -E cmake_link_script CMakeFiles/cmTC_19e5a.dir/link.txt --verbose=1
/usr/bin/cc  -DCHECK_FUNCTION_EXISTS=pthread_create    -rdynamic CMakeFiles/cmTC_19e5a.dir/CheckFunctionExists.c.o  -o cmTC_19e5a -lpthreads 
/usr/bin/ld: cannot find -lpthreads
collect2: error: ld returned 1 exit status
CMakeFiles/cmTC_19e5a.dir/build.make:97: recipe for target 'cmTC_19e5a' failed
make[1]: *** [cmTC_19e5a] Error 1
make[1]: Leaving directory '/mnt/e/f/lobby/linux_build/CMakeFiles/CMakeTmp'
Makefile:126: recipe for target 'cmTC_19e5a/fast' failed
make: *** [cmTC_19e5a/fast] Error 2


Performing C++ SOURCE FILE Test boost_filesystem_copy_links_without_NO_SCOPED_ENUM failed with the following output:
Change Dir: /mnt/e/f/lobby/linux_build/CMakeFiles/CMakeTmp

Run Build Command:"/usr/bin/make" "cmTC_e4c3a/fast"
/usr/bin/make -f CMakeFiles/cmTC_e4c3a.dir/build.make CMakeFiles/cmTC_e4c3a.dir/build
make[1]: Entering directory '/mnt/e/f/lobby/linux_build/CMakeFiles/CMakeTmp'
Building CXX object CMakeFiles/cmTC_e4c3a.dir/src.cxx.o
/usr/bin/c++    -Dboost_filesystem_copy_links_without_NO_SCOPED_ENUM -std=c++11   -o CMakeFiles/cmTC_e4c3a.dir/src.cxx.o -c /mnt/e/f/lobby/linux_build/CMakeFiles/CMakeTmp/src.cxx
/mnt/e/f/lobby/linux_build/CMakeFiles/CMakeTmp/src.cxx:2:12: fatal error: boost/filesystem/path.hpp: No such file or directory
   #include <boost/filesystem/path.hpp>
            ^~~~~~~~~~~~~~~~~~~~~~~~~~~
compilation terminated.
CMakeFiles/cmTC_e4c3a.dir/build.make:65: recipe for target 'CMakeFiles/cmTC_e4c3a.dir/src.cxx.o' failed
make[1]: *** [CMakeFiles/cmTC_e4c3a.dir/src.cxx.o] Error 1
make[1]: Leaving directory '/mnt/e/f/lobby/linux_build/CMakeFiles/CMakeTmp'
Makefile:126: recipe for target 'cmTC_e4c3a/fast' failed
make: *** [cmTC_e4c3a/fast] Error 2

Source file was:

  #include <boost/filesystem/path.hpp>
  #include <boost/filesystem/operations.hpp>
  int main() { boost::filesystem::copy_file(boost::filesystem::path(), boost::filesystem::path()); }
